d:\git\proceduraltexturegenerator\proceduraltexturegenerator\proceduraltexturegeneratorcore\debug\proceduraltexturegeneratorcore.pch
d:\git\proceduraltexturegenerator\proceduraltexturegenerator\proceduraltexturegeneratorcore\debug\vc141.pdb
d:\git\proceduraltexturegenerator\proceduraltexturegenerator\proceduraltexturegeneratorcore\debug\vc141.idb
d:\git\proceduraltexturegenerator\proceduraltexturegenerator\proceduraltexturegeneratorcore\debug\stdafx.obj
d:\git\proceduraltexturegenerator\proceduraltexturegenerator\proceduraltexturegeneratorcore\debug\camera.obj
d:\git\proceduraltexturegenerator\proceduraltexturegenerator\proceduraltexturegeneratorcore\debug\camera2d.obj
d:\git\proceduraltexturegenerator\proceduraltexturegenerator\proceduraltexturegeneratorcore\debug\directxdevice.obj
d:\git\proceduraltexturegenerator\proceduraltexturegenerator\proceduraltexturegeneratorcore\debug\directxview.obj
d:\git\proceduraltexturegenerator\proceduraltexturegenerator\proceduraltexturegeneratorcore\debug\proceduraltexturegeneratorcore.obj
d:\git\proceduraltexturegenerator\proceduraltexturegenerator\proceduraltexturegeneratorcore\debug\scene.obj
d:\git\proceduraltexturegenerator\proceduraltexturegenerator\proceduraltexturegeneratorcore\debug\dllmain.obj
d:\git\proceduraltexturegenerator\proceduraltexturegenerator\proceduraltexturegeneratorcore\debug\shadercompiler.obj
d:\git\proceduraltexturegenerator\proceduraltexturegenerator\proceduraltexturegeneratorcore\debug\environment.obj
d:\git\proceduraltexturegenerator\proceduraltexturegenerator\proceduraltexturegeneratorcore\debug\renderableobject.obj
d:\git\proceduraltexturegenerator\proceduraltexturegenerator\proceduraltexturegeneratorcore\debug\brdflutrenderer.obj
d:\git\proceduraltexturegenerator\proceduraltexturegenerator\proceduraltexturegeneratorcore\debug\geometryhelper.obj
d:\git\proceduraltexturegenerator\proceduraltexturegenerator\proceduraltexturegeneratorcore\debug\mapgenerator.obj
d:\git\proceduraltexturegenerator\proceduraltexturegenerator\proceduraltexturegeneratorcore\debug\radiancemaprenderer.obj
d:\git\proceduraltexturegenerator\proceduraltexturegenerator\proceduraltexturegeneratorcore\debug\rng.obj
d:\git\proceduraltexturegenerator\proceduraltexturegenerator\proceduraltexturegeneratorcore\debug\cube.obj
d:\git\proceduraltexturegenerator\proceduraltexturegenerator\debug\proceduraltexturegeneratorcore.ilk
d:\git\proceduraltexturegenerator\proceduraltexturegenerator\debug\proceduraltexturegeneratorcore.dll
d:\git\proceduraltexturegenerator\proceduraltexturegenerator\debug\proceduraltexturegeneratorcore.pdb
d:\git\proceduraltexturegenerator\proceduraltexturegenerator\debug\proceduraltexturegeneratorcore.lib
d:\git\proceduraltexturegenerator\proceduraltexturegenerator\debug\proceduraltexturegeneratorcore.exp
d:\git\proceduraltexturegenerator\proceduraltexturegenerator\proceduraltexturegeneratorcore\debug\procedur.3a93d1f3.tlog\cl.command.1.tlog
d:\git\proceduraltexturegenerator\proceduraltexturegenerator\proceduraltexturegeneratorcore\debug\procedur.3a93d1f3.tlog\cl.read.1.tlog
d:\git\proceduraltexturegenerator\proceduraltexturegenerator\proceduraltexturegeneratorcore\debug\procedur.3a93d1f3.tlog\cl.write.1.tlog
d:\git\proceduraltexturegenerator\proceduraltexturegenerator\proceduraltexturegeneratorcore\debug\procedur.3a93d1f3.tlog\link-cvtres.read.1.tlog
d:\git\proceduraltexturegenerator\proceduraltexturegenerator\proceduraltexturegeneratorcore\debug\procedur.3a93d1f3.tlog\link-cvtres.write.1.tlog
d:\git\proceduraltexturegenerator\proceduraltexturegenerator\proceduraltexturegeneratorcore\debug\procedur.3a93d1f3.tlog\link-rc.read.1.tlog
d:\git\proceduraltexturegenerator\proceduraltexturegenerator\proceduraltexturegeneratorcore\debug\procedur.3a93d1f3.tlog\link-rc.write.1.tlog
d:\git\proceduraltexturegenerator\proceduraltexturegenerator\proceduraltexturegeneratorcore\debug\procedur.3a93d1f3.tlog\link.command.1.tlog
d:\git\proceduraltexturegenerator\proceduraltexturegenerator\proceduraltexturegeneratorcore\debug\procedur.3a93d1f3.tlog\link.delete.1.tlog
d:\git\proceduraltexturegenerator\proceduraltexturegenerator\proceduraltexturegeneratorcore\debug\procedur.3a93d1f3.tlog\link.read.1.tlog
d:\git\proceduraltexturegenerator\proceduraltexturegenerator\proceduraltexturegeneratorcore\debug\procedur.3a93d1f3.tlog\link.write.1.tlog
d:\git\proceduraltexturegenerator\proceduraltexturegenerator\proceduraltexturegeneratorcore\debug\procedur.3a93d1f3.tlog\proceduraltexturegeneratorcore.write.1u.tlog
