d:\git\proceduraltexturegenerator\proceduraltexturegenerator\proceduraltexturegeneratorcore\release\proceduraltexturegeneratorcore.pch
d:\git\proceduraltexturegenerator\proceduraltexturegenerator\proceduraltexturegeneratorcore\release\vc141.pdb
d:\git\proceduraltexturegenerator\proceduraltexturegenerator\proceduraltexturegeneratorcore\release\stdafx.obj
d:\git\proceduraltexturegenerator\proceduraltexturegenerator\proceduraltexturegeneratorcore\release\texturememory.obj
d:\git\proceduraltexturegenerator\proceduraltexturegenerator\proceduraltexturegeneratorcore\release\shadercompiler.obj
d:\git\proceduraltexturegenerator\proceduraltexturegenerator\proceduraltexturegeneratorcore\release\scene.obj
d:\git\proceduraltexturegenerator\proceduraltexturegenerator\proceduraltexturegeneratorcore\release\rng.obj
d:\git\proceduraltexturegenerator\proceduraltexturegenerator\proceduraltexturegeneratorcore\release\renderableobject.obj
d:\git\proceduraltexturegenerator\proceduraltexturegenerator\proceduraltexturegeneratorcore\release\radiancemaprenderer.obj
d:\git\proceduraltexturegenerator\proceduraltexturegenerator\proceduraltexturegeneratorcore\release\proceduraltexturegeneratorcore.obj
d:\git\proceduraltexturegenerator\proceduraltexturegenerator\proceduraltexturegeneratorcore\release\mapgenerator.obj
d:\git\proceduraltexturegenerator\proceduraltexturegenerator\proceduraltexturegeneratorcore\release\geometryhelper.obj
d:\git\proceduraltexturegenerator\proceduraltexturegenerator\proceduraltexturegeneratorcore\release\environment.obj
d:\git\proceduraltexturegenerator\proceduraltexturegenerator\proceduraltexturegeneratorcore\release\directxview.obj
d:\git\proceduraltexturegenerator\proceduraltexturegenerator\proceduraltexturegeneratorcore\release\directxtexture.obj
d:\git\proceduraltexturegenerator\proceduraltexturegenerator\proceduraltexturegeneratorcore\release\directxrenderer.obj
d:\git\proceduraltexturegenerator\proceduraltexturegenerator\proceduraltexturegeneratorcore\release\directxdevice.obj
d:\git\proceduraltexturegenerator\proceduraltexturegenerator\proceduraltexturegeneratorcore\release\cube.obj
d:\git\proceduraltexturegenerator\proceduraltexturegenerator\proceduraltexturegeneratorcore\release\camera3d.obj
d:\git\proceduraltexturegenerator\proceduraltexturegenerator\proceduraltexturegeneratorcore\release\camera2d.obj
d:\git\proceduraltexturegenerator\proceduraltexturegenerator\proceduraltexturegeneratorcore\release\camera.obj
d:\git\proceduraltexturegenerator\proceduraltexturegenerator\proceduraltexturegeneratorcore\release\brdflutrenderer.obj
d:\git\proceduraltexturegenerator\proceduraltexturegenerator\proceduraltexturegeneratorcore\release\dllmain.obj
d:\git\proceduraltexturegenerator\proceduraltexturegenerator\release\proceduraltexturegeneratorcore.dll
d:\git\proceduraltexturegenerator\proceduraltexturegenerator\release\proceduraltexturegeneratorcore.pdb
d:\git\proceduraltexturegenerator\proceduraltexturegenerator\release\proceduraltexturegeneratorcore.lib
d:\git\proceduraltexturegenerator\proceduraltexturegenerator\release\proceduraltexturegeneratorcore.exp
d:\git\proceduraltexturegenerator\proceduraltexturegenerator\release\proceduraltexturegeneratorcore.ipdb
d:\git\proceduraltexturegenerator\proceduraltexturegenerator\release\proceduraltexturegeneratorcore.iobj
d:\git\proceduraltexturegenerator\proceduraltexturegenerator\proceduraltexturegeneratorcore\release\procedur.3a93d1f3.tlog\cl.command.1.tlog
d:\git\proceduraltexturegenerator\proceduraltexturegenerator\proceduraltexturegeneratorcore\release\procedur.3a93d1f3.tlog\cl.read.1.tlog
d:\git\proceduraltexturegenerator\proceduraltexturegenerator\proceduraltexturegeneratorcore\release\procedur.3a93d1f3.tlog\cl.write.1.tlog
d:\git\proceduraltexturegenerator\proceduraltexturegenerator\proceduraltexturegeneratorcore\release\procedur.3a93d1f3.tlog\link.command.1.tlog
d:\git\proceduraltexturegenerator\proceduraltexturegenerator\proceduraltexturegeneratorcore\release\procedur.3a93d1f3.tlog\link.read.1.tlog
d:\git\proceduraltexturegenerator\proceduraltexturegenerator\proceduraltexturegeneratorcore\release\procedur.3a93d1f3.tlog\link.write.1.tlog
d:\git\proceduraltexturegenerator\proceduraltexturegenerator\proceduraltexturegeneratorcore\release\procedur.3a93d1f3.tlog\proceduraltexturegeneratorcore.write.1u.tlog
