  stdafx.cpp
  AtomicFunctions.cpp
  BRDFLUTRenderer.cpp
  Camera.cpp
  Camera2D.cpp
Camera2D.cpp(76): warning C4244: *=: преобразование "double" в "float", возможна потеря данных
  Camera3D.cpp
  ConstantBuffer.cpp
  Cube.cpp
  DirectXDevice.cpp
  DirectXObjectPool.cpp
  DirectXRenderer.cpp
  DirectXTexture.cpp
  DirectXView.cpp
DirectXView.cpp(147): warning C4244: return: преобразование "FLOAT" в "UINT", возможна потеря данных
DirectXView.cpp(153): warning C4244: return: преобразование "FLOAT" в "UINT", возможна потеря данных
  Environment.cpp
  Function.cpp
  FunctionGraph.cpp
FunctionGraph.cpp(82): warning C4018: <: несоответствие типов со знаком и без знака
FunctionGraph.cpp(97): warning C4018: <: несоответствие типов со знаком и без знака
FunctionGraph.cpp(165): warning C4018: <: несоответствие типов со знаком и без знака
FunctionGraph.cpp(300): warning C4018: <: несоответствие типов со знаком и без знака
FunctionGraph.cpp(310): warning C4018: <: несоответствие типов со знаком и без знака
FunctionGraph.cpp(370): warning C4018: <: несоответствие типов со знаком и без знака
FunctionGraph.cpp(449): warning C4018: <: несоответствие типов со знаком и без знака
FunctionGraph.cpp(460): warning C4018: <: несоответствие типов со знаком и без знака
FunctionGraph.cpp(482): warning C4244: аргумент: преобразование "int" в "float", возможна потеря данных
FunctionGraph.cpp(488): warning C4244: аргумент: преобразование "int" в "float", возможна потеря данных
FunctionGraph.cpp(535): warning C4018: <: несоответствие типов со знаком и без знака
FunctionGraph.cpp(509): warning C4101: p0: неиспользованная локальная переменная
FunctionGraph.cpp(510): warning C4101: p1: неиспользованная локальная переменная
FunctionGraph.cpp(556): warning C4018: <: несоответствие типов со знаком и без знака
FunctionGraph.cpp(565): warning C4018: <: несоответствие типов со знаком и без знака
FunctionGraph.cpp(588): warning C4018: <: несоответствие типов со знаком и без знака
  FunctionLink.cpp
  FunctionNode.cpp
FunctionNode.cpp(105): warning C4018: <: несоответствие типов со знаком и без знака
FunctionNode.cpp(144): warning C4018: <: несоответствие типов со знаком и без знака
FunctionNode.cpp(158): warning C4018: <: несоответствие типов со знаком и без знака
FunctionNode.cpp(168): warning C4018: <: несоответствие типов со знаком и без знака
FunctionNode.cpp(209): warning C4018: <: несоответствие типов со знаком и без знака
FunctionNode.cpp(222): warning C4018: <: несоответствие типов со знаком и без знака
FunctionNode.cpp(250): warning C4018: <: несоответствие типов со знаком и без знака
  GeometryHelper.cpp
  MapGenerator.cpp
MapGenerator.cpp(274): warning C4244: =: преобразование "double" в "float", возможна потеря данных
MapGenerator.cpp(396): warning C4244: инициализация: преобразование "double" в "float", возможна потеря данных
  MathHelper.cpp
  Компиляция...
  NoiseFunctions.cpp
NoiseFunctions.cpp(20): warning C4018: <: несоответствие типов со знаком и без знака
  OutputPin.cpp
OutputPin.cpp(218): warning C4244: инициализация: преобразование "float" в "int", возможна потеря данных
  PixelShader.cpp
  PolygonMesh.cpp
  Polyline.cpp
  ProceduralTextureGeneratorCore.cpp
ProceduralTextureGeneratorCore.cpp(100): warning C4244: аргумент: преобразование "UINT" в "float", возможна потеря данных
ProceduralTextureGeneratorCore.cpp(150): warning C4244: аргумент: преобразование "float" в "int", возможна потеря данных
ProceduralTextureGeneratorCore.cpp(160): warning C4244: аргумент: преобразование "float" в "int", возможна потеря данных
ProceduralTextureGeneratorCore.cpp(170): warning C4244: аргумент: преобразование "float" в "int", возможна потеря данных
  RadianceMapRenderer.cpp
  RasterizerState.cpp
  RenderableObject.cpp
  RNG.cpp
RNG.cpp(10): warning C4244: аргумент: преобразование "time_t" в "unsigned int", возможна потеря данных
  Scene.cpp
  ShaderCompiler.cpp
  TextureFrame.cpp
  TextureMemory.cpp
  VertexShader.cpp
  dllmain.cpp
     Создается библиотека D:\Git\ProceduralTextureGenerator\ProceduralTextureGenerator\Release\ProceduralTextureGeneratorCore.lib и объект D:\Git\ProceduralTextureGenerator\ProceduralTextureGenerator\Release\ProceduralTextureGeneratorCore.exp
  Создание кода
  All 3345 functions were compiled because no usable IPDB/IOBJ from previous compilation was found.
  Создание кода завершено
  ProceduralTextureGeneratorCore.vcxproj -> D:\Git\ProceduralTextureGenerator\ProceduralTextureGenerator\Release\ProceduralTextureGeneratorCore.dll
